FORPRINT: Thu May  6 14:49:45 2010
     14.000000      0.000277
     14.050000      0.000295
     14.100000      0.000315
     14.150000      0.000336
     14.200000      0.000359
     14.250000      0.000383
     14.300000      0.000409
     14.350000      0.000436
     14.400000      0.000466
     14.450000      0.000497
     14.500000      0.000530
     14.550000      0.000566
     14.600000      0.000604
     14.650000      0.000645
     14.700000      0.000689
     14.750000      0.000735
     14.800000      0.000785
     14.850000      0.000838
     14.900000      0.000895
     14.950000      0.000955
     15.000000      0.001020
     15.050000      0.001089
     15.100000      0.001163
     15.150000      0.001242
     15.200000      0.001326
     15.250000      0.001416
     15.300000      0.001512
     15.350000      0.001615
     15.400000      0.001724
     15.450000      0.001841
     15.500000      0.001966
     15.550000      0.002100
     15.600000      0.002243
     15.650000      0.002396
     15.700000      0.002559
     15.750000      0.002733
     15.800000      0.002919
     15.850000      0.003118
     15.900000      0.003330
     15.950000      0.003557
     16.000000      0.003800
     16.050000      0.004059
     16.100000      0.004336
     16.150000      0.004633
     16.200000      0.004949
     16.250000      0.005287
     16.300000      0.005648
     16.350000      0.006034
     16.400000      0.006446
     16.450000      0.006887
     16.500000      0.007358
     16.550000      0.007861
     16.600000      0.008398
     16.650000      0.008973
     16.700000      0.009587
     16.750000      0.010243
     16.800000      0.010944
     16.850000      0.011694
     16.900000      0.012494
     16.950000      0.013350
     17.000000      0.014265
     17.050000      0.015242
     17.100000      0.016287
     17.150000      0.017403
     17.200000      0.018596
     17.250000      0.019870
     17.300000      0.021233
     17.350000      0.022689
     17.400000      0.024245
     17.450000      0.025908
     17.500000      0.027684
     17.550000      0.029582
     17.600000      0.031612
     17.650000      0.033780
     17.700000      0.036106
     17.750000      0.038581
     17.800000      0.041227
     17.850000      0.044055
     17.900000      0.047076
     17.950000      0.050305
     18.000000      0.053753
     18.050000      0.057437
     18.100000      0.061375
     18.150000      0.065582
     18.200000      0.070076
     18.250000      0.074874
     18.300000      0.080002
     18.350000      0.085480
     18.400000      0.091331
     18.450000      0.097582
     18.500000      0.104253
     18.550000      0.111380
     18.600000      0.119674
     18.650000      0.127122
     18.700000      0.136675
     18.750000      0.145947
     18.800000      0.155859
     18.850000      0.166454
     18.900000      0.177954
     18.950000      0.189974
     19.000000      0.202820
     19.050000      0.216544
     19.100000      0.231207
     19.150000      0.246854
     19.200000      0.263728
     19.250000      0.281476
     19.300000      0.300425
     19.350000      0.320652
     19.400000      0.342230
     19.450000      0.365475
     19.500000      0.389944
     19.550000      0.416010
     19.600000      0.443809
     19.650000      0.473438
     19.700000      0.505322
     19.750000      0.538806
     19.800000      0.574480
     19.850000      0.612481
     19.900000      0.652935
     19.950000      0.696412
     20.000000      0.742011
     20.050000      0.790520
     20.100000      0.842112
     20.150000      0.896952
     20.200000      0.955796
     20.250000      1.017555
     20.300000      1.082977
     20.350000      1.152421
     20.400000      1.226092
     20.450000      1.304992
     20.500000      1.387402
     20.550000      1.474701
     20.600000      1.567141
     20.650000      1.664968
     20.700000      1.769503
     20.750000      1.878364
     20.800000      1.993356
     20.850000      2.114760
     20.900000      2.242857
     20.950000      2.379381
     21.000000      2.521629
     21.050000      2.670793
     21.100000      2.827725
     21.150000      2.992724
     21.200000      3.168063
     21.250000      3.349163
     21.300000      3.539119
     21.350000      3.738172
     21.400000      3.947447
     21.450000      4.165449
     21.500000      4.395211
     21.550000      4.632238
     21.600000      4.879534
     21.650000      5.137313
     21.700000      5.405755
     21.750000      5.687656
     21.800000      5.987270
     21.850000      6.288162
     21.900000      6.600343
     21.950000      6.917389
     22.000000      7.268448
     22.050000      7.613902
     22.100000      7.971052
     22.150000      8.339856
     22.200000      8.720378
     22.250000      9.117504
     22.300000      9.519636
     22.350000      9.933563
     22.400000     10.360692
     22.450000     10.797826
     22.500000     11.253096
     22.550000     11.710773
     22.600000     12.179982
     22.650000     12.660382
     22.700000     13.157626
     22.750000     13.669076
     22.800000     14.179233
     22.850000     14.700386
     22.900000     15.232045
     22.950000     15.782039
     23.000000     16.346099
     23.050000     16.903946
     23.100000     17.472108
     23.150000     18.056618
     23.200000     18.643816
     23.250000     19.239988
     23.300000     19.885686
     23.350000     20.495374
     23.400000     21.117515
     23.450000     21.744427
     23.500000     22.379309
     23.550000     23.036935
     23.600000     23.681853
     23.650000     24.347640
     23.700000     25.042046
     23.750000     25.709651
     23.800000     26.403679
     23.850000     27.102395
     23.900000     27.784467
     23.950000     28.473197
     24.000000     29.168144
