FORPRINT: Tue May 25 11:17:22 2010
       14.000000       8.5649201
       14.050000       12.027335
       14.100000       14.031890
       14.150000       17.858770
       14.200000       27.517084
       14.250000       29.339407
       14.300000       34.259681
       14.350000       42.460136
       14.400000       43.371298
       14.450000       49.202733
       14.500000       60.865603
       14.550000       72.528473
       14.600000       69.977220
       14.650000       83.644646
       14.700000       83.826878
       14.750000       97.494304
       14.800000       105.87699
       14.850000       118.26879
       14.900000       123.55353
       14.950000       135.39863
       15.000000       145.23918
       15.050000       161.64009
       15.100000       171.29840
       15.150000       173.48519
       15.200000       186.97038
       15.250000       198.08656
       15.300000       203.18906
       15.350000       217.40319
       15.400000       210.47836
       15.450000       229.06606
       15.500000       231.61731
       15.550000       245.46697
       15.600000       244.00911
       15.650000       254.76082
       15.700000       269.15717
       15.750000       271.52619
       15.800000       272.07289
       15.850000       291.38952
       15.900000       301.95899
       15.950000       312.52847
       16.000000       314.89749
       16.049999       329.65831
       16.100000       337.85876
       16.150000       356.44646
       16.200001       355.89977
       16.250000       369.38496
       16.299999       381.23006
       16.350000       380.86560
       16.400000       392.89293
       16.450001       408.92938
       16.500000       415.85421
       16.549999       422.05011
       16.600000       444.82915
       16.650000       458.13211
       16.700001       466.51480
       16.750000       474.53302
       16.799999       484.73803
       16.850000       502.05011
       16.900000       521.18450
       16.950001       514.44191
       17.000000       552.34623
       17.049999       539.77220
       17.100000       544.14578
       17.150000       551.98177
       17.200001       567.10705
       17.250000       598.45102
       17.299999       595.89976
       17.350000       600.45557
       17.400000       628.88382
       17.450001       625.42140
       17.500000       640.72892
       17.549999       645.83143
       17.600000       684.82915
       17.650000       692.84737
       17.700001       707.79042
       17.750000       737.67653
       17.799999       720.91115
       17.850000       734.57858
       17.900000       754.07744
       17.950001       766.10477
       18.000000       781.23006
       18.049999       804.73803
       18.100000       814.39634
       18.150000       832.07288
       18.200001       805.10249
       18.250000       830.43279
       18.299999       853.94076
       18.350000       896.94759
       18.400000       873.80409
       18.450001       874.16855
       18.500000       916.81092
       18.549999       954.89748
       18.600000       955.44418
       18.650000       961.27561
       18.700001       988.61046
       18.750000       1011.0250
       18.799999       988.24600
       18.850000       1007.0159
       18.900000       1073.7130
       18.950001       1032.1640
       19.000000       1059.4988
       19.049999       1105.4214
       19.100000       1085.3758
       19.150000       1111.2528
       19.200001       1149.7039
       19.250000       1174.3052
       19.299999       1205.6492
       19.350000       1196.9020
       19.400000       1199.8177
       19.450001       1237.7221
       19.500000       1246.8337
       19.549999       1320.6378
       19.600000       1287.8360
       19.650000       1353.0752
       19.700001       1364.3736
       19.750000       1377.4943
       19.799999       1433.8041
       19.850000       1412.3007
       19.900000       1467.8815
       19.950001       1491.7540
       20.000000       1535.4897
       20.049999       1567.9271
       20.100000       1565.7403
       20.150000       1585.9681
       20.200001       1601.4578
       20.250000       1618.7699
       20.299999       1629.8861
       20.350000       1595.2619
       20.400000       1618.5877
       20.450001       1658.8610
       20.500000       1643.3713
       20.549999       1663.2346
       20.600000       1677.6310
       20.650000       1648.1093
       20.700001       1625.3303
       20.750000       1595.2619
       20.799999       1638.2688
       20.850000       1628.6105
       20.900000       1582.8701
       20.950001       1579.2255
       21.000000       1542.9613
       21.049999       1531.8451
       21.100000       1518.7244
       21.150000       1502.3234
       21.200001       1465.3303
       21.250000       1436.9020
       21.299999       1382.9613
       21.350000       1384.0546
       21.400000       1314.6241
       21.450001       1283.4624
       21.500000       1228.2460
       21.549999       1120.1822
       21.600000       1073.8952
       21.650000       1004.1002
       21.700001       919.90887
       21.750000       824.78359
       21.799999       742.23234
       21.850000       660.22778
       21.900000       594.80637
       21.950001       487.10705
       22.000000       395.07972
       22.049999       308.88382
       22.100000       240.91116
       22.150002       193.71298
       22.200001       162.00455
       22.250000       118.26879
       22.299999       100.59225
       22.350000       74.350796
       22.400002       65.785876
       22.450001       47.380409
       22.500000       39.362186
       22.549999       33.530751
       22.600000       24.965831
       22.650002       20.410022
       22.700001       17.676537
       22.750000       12.027335
       22.799999       10.569476
       22.850000       6.7425967
       22.900002       5.2847380
       22.950001       3.0979498
       23.000000       5.2847380
       23.049999       2.7334852
       23.100000       2.3690205
       23.150002       2.0045558
       23.200001      0.72892937
       23.250000       1.0933941
       23.299999      0.72892937
       23.350000      0.54669703
       23.400002      0.54669703
       23.450001      0.91116172
       23.500000      0.36446469
       23.549999      0.36446469
       23.600000       0.0000000
       23.650002      0.18223234
       23.700001      0.54669703
       23.750000      0.36446469
       23.799999      0.18223234
       23.850000      0.18223234
       23.900002      0.36446469
       23.950001      0.18223234
       24.000000       0.0000000
