FORPRINT: Thu May  6 13:29:14 2010
     14.000000      0.000470
     14.050000      0.000512
     14.100000      0.000557
     14.150000      0.000606
     14.200000      0.000660
     14.250000      0.000718
     14.300000      0.000782
     14.350000      0.000851
     14.400000      0.000927
     14.450000      0.001009
     14.500000      0.001098
     14.550000      0.001195
     14.600000      0.001301
     14.650000      0.001417
     14.700000      0.001543
     14.750000      0.001679
     14.800000      0.001828
     14.850000      0.001991
     14.900000      0.002167
     14.950000      0.002360
     15.000000      0.002569
     15.050000      0.002797
     15.100000      0.003046
     15.150000      0.003316
     15.200000      0.003611
     15.250000      0.003931
     15.300000      0.004282
     15.350000      0.004662
     15.400000      0.005076
     15.450000      0.005525
     15.500000      0.006016
     15.550000      0.006553
     15.600000      0.007136
     15.650000      0.007770
     15.700000      0.008461
     15.750000      0.009212
     15.800000      0.010030
     15.850000      0.010922
     15.900000      0.011892
     15.950000      0.012949
     16.000000      0.014097
     16.050000      0.015350
     16.100000      0.016714
     16.150000      0.018199
     16.200000      0.019817
     16.250000      0.021578
     16.300000      0.023495
     16.350000      0.025582
     16.400000      0.027854
     16.450000      0.030328
     16.500000      0.033021
     16.550000      0.035953
     16.600000      0.039145
     16.650000      0.042619
     16.700000      0.046400
     16.750000      0.050517
     16.800000      0.055006
     16.850000      0.059893
     16.900000      0.065201
     16.950000      0.070978
     17.000000      0.077265
     17.050000      0.084105
     17.100000      0.091547
     17.150000      0.099643
     17.200000      0.108450
     17.250000      0.118031
     17.300000      0.128452
     17.350000      0.139785
     17.400000      0.152107
     17.450000      0.165506
     17.500000      0.180073
     17.550000      0.195908
     17.600000      0.213145
     17.650000      0.231846
     17.700000      0.252164
     17.750000      0.274237
     17.800000      0.298184
     17.850000      0.324213
     17.900000      0.352470
     17.950000      0.383140
     18.000000      0.416420
     18.050000      0.452548
     18.100000      0.491675
     18.150000      0.534117
     18.200000      0.580116
     18.250000      0.629953
     18.300000      0.683966
     18.350000      0.742352
     18.400000      0.805570
     18.450000      0.873946
     18.500000      0.947866
     18.550000      1.027805
     18.600000      1.114069
     18.650000      1.207168
     18.700000      1.307587
     18.750000      1.415831
     18.800000      1.532433
     18.850000      1.657937
     18.900000      1.792916
     18.950000      1.937980
     19.000000      2.093747
     19.050000      2.260864
     19.100000      2.439978
     19.150000      2.631743
     19.200000      2.836895
     19.250000      3.056113
     19.300000      3.290106
     19.350000      3.539566
     19.400000      3.805195
     19.450000      4.087710
     19.500000      4.388693
     19.550000      4.707126
     19.600000      5.050333
     19.650000      5.407674
     19.700000      5.785188
     19.750000      6.183446
     19.800000      6.602951
     19.850000      7.044144
     19.900000      7.507411
     19.950000      7.993153
     20.000000      8.510820
     20.050000      9.043029
     20.100000      9.598408
     20.150000     10.176988
     20.200000     10.778845
     20.250000     11.403980
     20.300000     12.052267
     20.350000     12.726198
     20.400000     13.420023
     20.450000     14.136075
     20.500000     14.874003
     20.550000     15.633360
     20.600000     16.414693
     20.650000     17.215062
     20.700000     18.034904
     20.750000     18.873596
     20.800000     19.730477
     20.850000     20.605891
     20.900000     21.512689
     20.950000     22.419530
     21.000000     23.358437
     21.050000     24.294805
     21.100000     25.244291
     21.150000     26.205922
     21.200000     27.178742
     21.250000     28.167516
     21.300000     29.157318
     21.350000     30.158914
     21.400000     31.168364
     21.450000     32.190998
     21.500000     33.213718
     21.550000     34.241916
     21.600000     35.274899
     21.650000     36.311979
     21.700000     37.368487
     21.750000     38.411845
     21.800000     39.457306
     21.850000     40.504369
     21.900000     41.578488
     21.950000     42.627438
     22.000000     43.692171
     22.050000     44.741179
     22.100000     45.789496
     22.150000     46.836808
     22.200000     47.882760
     22.250000     48.957655
     22.300000     50.000341
     22.350000     51.040986
     22.400000     52.079403
     22.450000     53.115440
     22.500000     55.039037
     22.550000     56.078296
     22.600000     57.114633
     22.650000     58.148177
     22.700000     59.177860
     22.750000     60.206786
     22.800000     61.241571
     22.850000     62.264862
     22.900000     63.285630
     22.950000     64.302957
     23.000000     65.356529
     23.050000     66.371214
     23.100000     67.383725
     23.150000     68.394283
     23.200000     69.402248
     23.250000     70.410013
     23.300000     71.416126
     23.350000     72.420873
     23.400000     73.424416
     23.450000     74.427003
     23.500000     75.428556
     23.550000     76.429905
     23.600000     77.430673
     23.650000     78.431085
     23.700000     79.431272
     23.750000     80.431307
     23.800000     81.594099
     23.850000     82.595766
     23.900000     83.597796
     23.950000     84.600330
     24.000000     85.603530
