FORPRINT: Thu May  6 14:32:36 2010
     14.000000      0.001613
     14.050000      0.001771
     14.100000      0.001945
     14.150000      0.003815
     14.200000      0.002347
     14.250000      0.002578
     14.300000      0.006941
     14.350000      0.003110
     14.400000      0.006257
     14.450000      0.005655
     14.500000      0.005116
     14.550000      0.011483
     14.600000      0.004970
     14.650000      0.005458
     14.700000      0.005995
     14.750000      0.008330
     14.800000      0.019011
     14.850000      0.007940
     14.900000      0.016877
     14.950000      0.015123
     15.000000      0.013576
     15.050000      0.031494
     15.100000      0.012683
     15.150000      0.027746
     15.200000      0.015295
     15.250000      0.016797
     15.300000      0.015764
     15.350000      0.020248
     15.400000      0.022233
     15.450000      0.024413
     15.500000      0.036139
     15.550000      0.086572
     15.600000      0.032304
     15.650000      0.035465
     15.700000      0.038651
     15.750000      0.059012
     15.800000      0.143620
     15.850000      0.041654
     15.900000      0.056518
     15.950000      0.062029
     16.000000      0.067170
     16.050000      0.238300
     16.100000      0.081975
     16.150000      0.089949
     16.200000      0.176454
     16.250000      0.157463
     16.300000      0.395340
     16.350000      0.336796
     16.400000      0.120103
     16.450000      0.156718
     16.500000      0.169739
     16.550000      0.165370
     16.600000      0.556968
     16.650000      0.488918
     16.700000      0.248262
     16.750000      0.419410
     16.800000      0.298154
     16.850000      0.326531
     16.900000      0.804400
     16.950000      0.381755
     17.000000      0.429099
     17.050000      0.469807
     17.100000      0.514277
     17.150000      0.482544
     17.200000      1.157184
     17.250000      0.673738
     17.300000      0.736850
     17.350000      0.805630
     17.400000      0.880583
     17.450000      1.879476
     17.500000      1.051310
     17.550000      1.148023
     17.600000      4.000841
     17.650000      3.405609
     17.700000      1.491506
     17.750000      1.626186
     17.800000      2.499058
     17.850000      1.587944
     17.900000      1.889561
     17.950000      2.286775
     18.000000      2.438725
     18.050000      2.703027
     18.100000      2.935992
     18.150000      3.186972
     18.200000      7.267791
     18.250000      6.603104
     18.300000      5.889965
     18.350000      4.393153
     18.400000      4.750802
     18.450000      5.133256
     18.500000      9.377970
     18.550000      5.658799
     18.600000      6.439869
     18.650000      6.932146
     18.700000     14.595960
     18.750000      7.994635
     18.800000      8.592542
     18.850000      7.778318
     18.900000      9.846535
     18.950000     10.529691
     19.000000     10.143859
     19.050000     10.063830
     19.100000     12.783786
     19.150000     13.603232
     19.200000     21.773551
     19.250000     13.173536
     19.300000     15.664484
     19.350000     17.221853
     19.400000     18.208462
     19.450000     19.228312
     19.500000     17.395284
     19.550000     20.418532
     19.600000     21.201349
     19.650000     22.467922
     19.700000     24.707083
     19.750000     23.169320
     19.800000     27.095758
     19.850000     26.954096
     19.900000     27.523866
     19.950000     30.835743
     20.000000     29.917676
     20.050000     31.338005
     20.100000     34.735360
     20.150000     36.063963
     20.200000     36.004934
     20.250000     36.589071
     20.300000     40.118395
     20.350000     41.490673
     20.400000     42.869757
     20.450000     41.958313
     20.500000     45.649681
     20.550000     44.202686
     20.600000     48.447768
     20.650000     47.572188
     20.700000     50.930781
     20.750000     52.479570
     20.800000     50.551128
     20.850000     53.977559
     20.900000     57.004033
     20.950000     58.245916
     21.000000     59.878556
     21.050000     61.046078
     21.100000     60.874460
     21.150000     63.934437
     21.200000     65.193958
     21.250000     66.672257
     21.300000     66.753961
     21.350000     65.680075
     21.400000     71.538021
     21.450000     68.849420
     21.500000     74.509159
     21.550000     76.015335
     21.600000     72.285818
     21.650000     79.019696
     21.700000     75.200398
     21.750000     76.940972
     21.800000     78.388362
     21.850000     79.013570
     21.900000     85.468166
     21.950000     87.848294
     22.000000     89.486812
     22.050000     91.103874
     22.100000     92.709645
     22.150000     90.848252
     22.200000     92.521677
     22.250000     94.812001
     22.300000     96.290899
     22.350000    101.302760
     22.400000    100.717561
     22.450000    101.234193
     22.500000    102.880231
     22.550000    108.178384
     22.600000    106.535735
     22.650000    108.836244
     22.700000    113.513673
     22.750000    111.141303
     22.800000    113.508399
     22.850000    119.002707
     22.900000    120.881236
     22.950000    122.790130
     23.000000    124.756607
     23.050000    125.370049
     23.100000    123.559822
     23.150000    130.657789
     23.200000    128.760708
     23.250000    134.724688
     23.300000    136.784797
     23.350000    136.932013
     23.400000    140.992449
     23.450000    143.138545
     23.500000    143.956471
     23.550000    147.515545
     23.600000    147.536393
     23.650000    152.010547
     23.700000    154.307457
     23.750000    156.638028
     23.800000    158.544800
     23.850000    161.405995
     23.900000    163.846761
     23.950000    166.329469
     24.000000    167.835555
